def pde(tape, x, f):
	IT = x[:, 0:1]
	IX = x[:, 1:2]
	IY = x[:, 2:3]
	IZ = x[:, 3:4]
	P1 = x[:, 4:5]
	O1 = f[:, 0:1]
	D1 = tape.gradient(O1, x)[:, 0:1]
	D2 = tape.gradient(O1, x)[:, 1:2]
	D3 = tape.gradient(O1, x)[:, 2:3]
	D4 = tape.gradient(O1, x)[:, 3:4]
	D5 = tape.gradient(D2, x)[:, 1:2]
	D6 = tape.gradient(D3, x)[:, 2:3]
	D7 = tape.gradient(D4, x)[:, 3:4]
	loss1 = tf.abs(D1+P1*D2-D5-D6-D7)
	return [(0 * loss1), loss1]
Model: "pinn"
_________________________________________________________________
Layer (type)                 Output Shape              Param #   
=================================================================
dense (Dense)                (None, 50)                300       
_________________________________________________________________
dense_1 (Dense)              (None, 50)                2550      
_________________________________________________________________
dense_2 (Dense)              (None, 50)                2550      
_________________________________________________________________
dense_3 (Dense)              (None, 1)                 51        
=================================================================
Total params: 5,451
Trainable params: 5,451
Non-trainable params: 0
_________________________________________________________________
Epoch 0

  1/100 [..............................] - ETA: 3:02 - loss: 0.0681
  2/100 [..............................] - ETA: 16s - loss: 0.0608 
  3/100 [..............................] - ETA: 15s - loss: 0.0578
  4/100 [>.............................] - ETA: 15s - loss: 0.0557
  5/100 [>.............................] - ETA: 15s - loss: 0.0539
  6/100 [>.............................] - ETA: 15s - loss: 0.0521
  7/100 [=>............................] - ETA: 14s - loss: 0.0505
  8/100 [=>............................] - ETA: 14s - loss: 0.0490
  9/100 [=>............................] - ETA: 14s - loss: 0.0477
 10/100 [==>...........................] - ETA: 14s - loss: 0.0466
 11/100 [==>...........................] - ETA: 14s - loss: 0.0455
 12/100 [==>...........................] - ETA: 14s - loss: 0.0445
 13/100 [==>...........................] - ETA: 14s - loss: 0.0436
 14/100 [===>..........................] - ETA: 13s - loss: 0.0427
 15/100 [===>..........................] - ETA: 13s - loss: 0.0419
 16/100 [===>..........................] - ETA: 13s - loss: 0.0412
 17/100 [====>.........................] - ETA: 13s - loss: 0.0405
 18/100 [====>.........................] - ETA: 13s - loss: 0.0398
 19/100 [====>.........................] - ETA: 13s - loss: 0.0392
 20/100 [=====>........................] - ETA: 13s - loss: 0.0387
 21/100 [=====>........................] - ETA: 12s - loss: 0.0381
 22/100 [=====>........................] - ETA: 12s - loss: 0.0376
 23/100 [=====>........................] - ETA: 12s - loss: 0.0371
 24/100 [======>.......................] - ETA: 12s - loss: 0.0366
 25/100 [======>.......................] - ETA: 12s - loss: 0.0361
 26/100 [======>.......................] - ETA: 12s - loss: 0.0357
 27/100 [=======>......................] - ETA: 11s - loss: 0.0353
 28/100 [=======>......................] - ETA: 11s - loss: 0.0349
 29/100 [=======>......................] - ETA: 11s - loss: 0.0345
 30/100 [========>.....................] - ETA: 11s - loss: 0.0341
 31/100 [========>.....................] - ETA: 11s - loss: 0.0337
 32/100 [========>.....................] - ETA: 11s - loss: 0.0333
 33/100 [========>.....................] - ETA: 11s - loss: 0.0330
 34/100 [=========>....................] - ETA: 10s - loss: 0.0327
 35/100 [=========>....................] - ETA: 10s - loss: 0.0323
 36/100 [=========>....................] - ETA: 10s - loss: 0.0320
 37/100 [==========>...................] - ETA: 10s - loss: 0.0317
 38/100 [==========>...................] - ETA: 10s - loss: 0.0314
 39/100 [==========>...................] - ETA: 10s - loss: 0.0311
 40/100 [===========>..................] - ETA: 10s - loss: 0.0308
 41/100 [===========>..................] - ETA: 10s - loss: 0.0305
 42/100 [===========>..................] - ETA: 9s - loss: 0.0302 
 43/100 [===========>..................] - ETA: 9s - loss: 0.0300
 44/100 [============>.................] - ETA: 9s - loss: 0.0297
 45/100 [============>.................] - ETA: 9s - loss: 0.0295
 46/100 [============>.................] - ETA: 9s - loss: 0.0292
 47/100 [=============>................] - ETA: 9s - loss: 0.0290
 48/100 [=============>................] - ETA: 8s - loss: 0.0287
 49/100 [=============>................] - ETA: 8s - loss: 0.0285
 50/100 [==============>...............] - ETA: 8s - loss: 0.0283
 51/100 [==============>...............] - ETA: 8s - loss: 0.0280
 52/100 [==============>...............] - ETA: 8s - loss: 0.0278
 53/100 [==============>...............] - ETA: 8s - loss: 0.0276
 54/100 [===============>..............] - ETA: 8s - loss: 0.0274
 55/100 [===============>..............] - ETA: 7s - loss: 0.0272
 56/100 [===============>..............] - ETA: 7s - loss: 0.0270
 57/100 [================>.............] - ETA: 7s - loss: 0.0268
 58/100 [================>.............] - ETA: 7s - loss: 0.0266
 59/100 [================>.............] - ETA: 7s - loss: 0.0264
 60/100 [=================>............] - ETA: 6s - loss: 0.0262
 61/100 [=================>............] - ETA: 6s - loss: 0.0260
 62/100 [=================>............] - ETA: 6s - loss: 0.0259
 63/100 [=================>............] - ETA: 6s - loss: 0.0257
 64/100 [==================>...........] - ETA: 6s - loss: 0.0255
 65/100 [==================>...........] - ETA: 6s - loss: 0.0253
 66/100 [==================>...........] - ETA: 5s - loss: 0.0252
 67/100 [===================>..........] - ETA: 5s - loss: 0.0250
 68/100 [===================>..........] - ETA: 5s - loss: 0.0248
 69/100 [===================>..........] - ETA: 5s - loss: 0.0247
 70/100 [====================>.........] - ETA: 5s - loss: 0.0245
 71/100 [====================>.........] - ETA: 4s - loss: 0.0244
 72/100 [====================>.........] - ETA: 4s - loss: 0.0242
 73/100 [====================>.........] - ETA: 4s - loss: 0.0241
 74/100 [=====================>........] - ETA: 4s - loss: 0.0239
 75/100 [=====================>........] - ETA: 4s - loss: 0.0238
 76/100 [=====================>........] - ETA: 4s - loss: 0.0237
 77/100 [======================>.......] - ETA: 3s - loss: 0.0235
 78/100 [======================>.......] - ETA: 3s - loss: 0.0234
 79/100 [======================>.......] - ETA: 3s - loss: 0.0233
 80/100 [=======================>......] - ETA: 3s - loss: 0.0231
 81/100 [=======================>......] - ETA: 3s - loss: 0.0230
 82/100 [=======================>......] - ETA: 3s - loss: 0.0229
 83/100 [=======================>......] - ETA: 2s - loss: 0.0228
 84/100 [========================>.....] - ETA: 2s - loss: 0.0226
 85/100 [========================>.....] - ETA: 2s - loss: 0.0225
 86/100 [========================>.....] - ETA: 2s - loss: 0.0224
 87/100 [=========================>....] - ETA: 2s - loss: 0.0223
 88/100 [=========================>....] - ETA: 2s - loss: 0.0222
 89/100 [=========================>....] - ETA: 1s - loss: 0.0221
 90/100 [==========================>...] - ETA: 1s - loss: 0.0219
 91/100 [==========================>...] - ETA: 1s - loss: 0.0218
 92/100 [==========================>...] - ETA: 1s - loss: 0.0217
 93/100 [==========================>...] - ETA: 1s - loss: 0.0216
 94/100 [===========================>..] - ETA: 1s - loss: 0.0215
 95/100 [===========================>..] - ETA: 0s - loss: 0.0214
 96/100 [===========================>..] - ETA: 0s - loss: 0.0213
 97/100 [============================>.] - ETA: 0s - loss: 0.0212
 98/100 [============================>.] - ETA: 0s - loss: 0.0211
 99/100 [============================>.] - ETA: 0s - loss: 0.0210
100/100 [==============================] - ETA: 0s - loss: 0.0209
100/100 [==============================] - 19s 173ms/step - loss: 0.0208
Epoch 1

  1/100 [..............................] - ETA: 25s - loss: 0.0050
  2/100 [..............................] - ETA: 17s - loss: 0.0050
  3/100 [..............................] - ETA: 17s - loss: 0.0052
  4/100 [>.............................] - ETA: 17s - loss: 0.0051
  5/100 [>.............................] - ETA: 18s - loss: 0.0051
  6/100 [>.............................] - ETA: 18s - loss: 0.0052
  7/100 [=>............................] - ETA: 17s - loss: 0.0052
  8/100 [=>............................] - ETA: 17s - loss: 0.0052
  9/100 [=>............................] - ETA: 17s - loss: 0.0052
 10/100 [==>...........................] - ETA: 16s - loss: 0.0052
 11/100 [==>...........................] - ETA: 16s - loss: 0.0052
 12/100 [==>...........................] - ETA: 15s - loss: 0.0052
 13/100 [==>...........................] - ETA: 15s - loss: 0.0052
 14/100 [===>..........................] - ETA: 15s - loss: 0.0053
 15/100 [===>..........................] - ETA: 14s - loss: 0.0053
 16/100 [===>..........................] - ETA: 14s - loss: 0.0053
 17/100 [====>.........................] - ETA: 14s - loss: 0.0053
 18/100 [====>.........................] - ETA: 14s - loss: 0.0052
 19/100 [====>.........................] - ETA: 14s - loss: 0.0052
 20/100 [=====>........................] - ETA: 13s - loss: 0.0052
 21/100 [=====>........................] - ETA: 13s - loss: 0.0052
 22/100 [=====>........................] - ETA: 13s - loss: 0.0052
 23/100 [=====>........................] - ETA: 13s - loss: 0.0052
 24/100 [======>.......................] - ETA: 13s - loss: 0.0052
 25/100 [======>.......................] - ETA: 13s - loss: 0.0052
 26/100 [======>.......................] - ETA: 12s - loss: 0.0052
 27/100 [=======>......................] - ETA: 12s - loss: 0.0052
 28/100 [=======>......................] - ETA: 12s - loss: 0.0051
 29/100 [=======>......................] - ETA: 12s - loss: 0.0051
 30/100 [========>.....................] - ETA: 12s - loss: 0.0051
 31/100 [========>.....................] - ETA: 11s - loss: 0.0051
 32/100 [========>.....................] - ETA: 11s - loss: 0.0051
 33/100 [========>.....................] - ETA: 11s - loss: 0.0051
 34/100 [=========>....................] - ETA: 11s - loss: 0.0051
 35/100 [=========>....................] - ETA: 11s - loss: 0.0051
 36/100 [=========>....................] - ETA: 10s - loss: 0.0051
 37/100 [==========>...................] - ETA: 10s - loss: 0.0051
 38/100 [==========>...................] - ETA: 10s - loss: 0.0050
 39/100 [==========>...................] - ETA: 10s - loss: 0.0050
 40/100 [===========>..................] - ETA: 10s - loss: 0.0050
 41/100 [===========>..................] - ETA: 9s - loss: 0.0050 
 42/100 [===========>..................] - ETA: 9s - loss: 0.0050
 43/100 [===========>..................] - ETA: 9s - loss: 0.0050
 44/100 [============>.................] - ETA: 9s - loss: 0.0050
 45/100 [============>.................] - ETA: 9s - loss: 0.0050
 46/100 [============>.................] - ETA: 9s - loss: 0.0050
 47/100 [=============>................] - ETA: 8s - loss: 0.0049
 48/100 [=============>................] - ETA: 8s - loss: 0.0049
 49/100 [=============>................] - ETA: 8s - loss: 0.0049
 50/100 [==============>...............] - ETA: 8s - loss: 0.0049
 51/100 [==============>...............] - ETA: 8s - loss: 0.0049
 52/100 [==============>...............] - ETA: 8s - loss: 0.0049
 53/100 [==============>...............] - ETA: 7s - loss: 0.0049
 54/100 [===============>..............] - ETA: 7s - loss: 0.0049
 55/100 [===============>..............] - ETA: 7s - loss: 0.0048
 56/100 [===============>..............] - ETA: 7s - loss: 0.0048
 57/100 [================>.............] - ETA: 7s - loss: 0.0048
 58/100 [================>.............] - ETA: 7s - loss: 0.0048
 59/100 [================>.............] - ETA: 6s - loss: 0.0048
 60/100 [=================>............] - ETA: 6s - loss: 0.0048
 61/100 [=================>............] - ETA: 6s - loss: 0.0048
 62/100 [=================>............] - ETA: 6s - loss: 0.0047
 63/100 [=================>............] - ETA: 6s - loss: 0.0047
 64/100 [==================>...........] - ETA: 6s - loss: 0.0047
 65/100 [==================>...........] - ETA: 5s - loss: 0.0047
 66/100 [==================>...........] - ETA: 5s - loss: 0.0047
 67/100 [===================>..........] - ETA: 5s - loss: 0.0047
 68/100 [===================>..........] - ETA: 5s - loss: 0.0047
 69/100 [===================>..........] - ETA: 5s - loss: 0.0046
 70/100 [====================>.........] - ETA: 5s - loss: 0.0046
 71/100 [====================>.........] - ETA: 4s - loss: 0.0046
 72/100 [====================>.........] - ETA: 4s - loss: 0.0046
 73/100 [====================>.........] - ETA: 4s - loss: 0.0046
 74/100 [=====================>........] - ETA: 4s - loss: 0.0046
 75/100 [=====================>........] - ETA: 4s - loss: 0.0045
 76/100 [=====================>........] - ETA: 4s - loss: 0.0045
 77/100 [======================>.......] - ETA: 3s - loss: 0.0045
 78/100 [======================>.......] - ETA: 3s - loss: 0.0045
 79/100 [======================>.......] - ETA: 3s - loss: 0.0045
 80/100 [=======================>......] - ETA: 3s - loss: 0.0045
 81/100 [=======================>......] - ETA: 3s - loss: 0.0044
 82/100 [=======================>......] - ETA: 3s - loss: 0.0044
 83/100 [=======================>......] - ETA: 2s - loss: 0.0044
 84/100 [========================>.....] - ETA: 2s - loss: 0.0044
 85/100 [========================>.....] - ETA: 2s - loss: 0.0044
 86/100 [========================>.....] - ETA: 2s - loss: 0.0044
 87/100 [=========================>....] - ETA: 2s - loss: 0.0043
 88/100 [=========================>....] - ETA: 2s - loss: 0.0043
 89/100 [=========================>....] - ETA: 1s - loss: 0.0043
 90/100 [==========================>...] - ETA: 1s - loss: 0.0043
 91/100 [==========================>...] - ETA: 1s - loss: 0.0043
 92/100 [==========================>...] - ETA: 1s - loss: 0.0043
 93/100 [==========================>...] - ETA: 1s - loss: 0.0042
 94/100 [===========================>..] - ETA: 1s - loss: 0.0042
 95/100 [===========================>..] - ETA: 0s - loss: 0.0042
 96/100 [===========================>..] - ETA: 0s - loss: 0.0042
 97/100 [============================>.] - ETA: 0s - loss: 0.0042
 98/100 [============================>.] - ETA: 0s - loss: 0.0042
 99/100 [============================>.] - ETA: 0s - loss: 0.0041
100/100 [==============================] - ETA: 0s - loss: 0.0041
100/100 [==============================] - 18s 175ms/step - loss: 0.0041
Epoch 2

  1/100 [..............................] - ETA: 19s - loss: 0.0022
  2/100 [..............................] - ETA: 17s - loss: 0.0023
  3/100 [..............................] - ETA: 16s - loss: 0.0022
  4/100 [>.............................] - ETA: 16s - loss: 0.0022
  5/100 [>.............................] - ETA: 16s - loss: 0.0022
  6/100 [>.............................] - ETA: 15s - loss: 0.0022
  7/100 [=>............................] - ETA: 15s - loss: 0.0022
  8/100 [=>............................] - ETA: 15s - loss: 0.0021
  9/100 [=>............................] - ETA: 15s - loss: 0.0021
 10/100 [==>...........................] - ETA: 15s - loss: 0.0021
 11/100 [==>...........................] - ETA: 15s - loss: 0.0021
 12/100 [==>...........................] - ETA: 15s - loss: 0.0021
 13/100 [==>...........................] - ETA: 14s - loss: 0.0021
 14/100 [===>..........................] - ETA: 14s - loss: 0.0021
 15/100 [===>..........................] - ETA: 14s - loss: 0.0020
 16/100 [===>..........................] - ETA: 14s - loss: 0.0020
 17/100 [====>.........................] - ETA: 14s - loss: 0.0020
 18/100 [====>.........................] - ETA: 13s - loss: 0.0020
 19/100 [====>.........................] - ETA: 13s - loss: 0.0020
 20/100 [=====>........................] - ETA: 13s - loss: 0.0020
 21/100 [=====>........................] - ETA: 13s - loss: 0.0020
 22/100 [=====>........................] - ETA: 13s - loss: 0.0019
 23/100 [=====>........................] - ETA: 13s - loss: 0.0019
 24/100 [======>.......................] - ETA: 13s - loss: 0.0019
 25/100 [======>.......................] - ETA: 13s - loss: 0.0019
 26/100 [======>.......................] - ETA: 12s - loss: 0.0019
 27/100 [=======>......................] - ETA: 12s - loss: 0.0019
 28/100 [=======>......................] - ETA: 12s - loss: 0.0018
 29/100 [=======>......................] - ETA: 12s - loss: 0.0018
 30/100 [========>.....................] - ETA: 12s - loss: 0.0018
 31/100 [========>.....................] - ETA: 12s - loss: 0.0018
 32/100 [========>.....................] - ETA: 12s - loss: 0.0018
 33/100 [========>.....................] - ETA: 11s - loss: 0.0018
 34/100 [=========>....................] - ETA: 11s - loss: 0.0018
 35/100 [=========>....................] - ETA: 11s - loss: 0.0017
 36/100 [=========>....................] - ETA: 11s - loss: 0.0017
 37/100 [==========>...................] - ETA: 11s - loss: 0.0017
 38/100 [==========>...................] - ETA: 11s - loss: 0.0017
 39/100 [==========>...................] - ETA: 10s - loss: 0.0017
 40/100 [===========>..................] - ETA: 10s - loss: 0.0017
 41/100 [===========>..................] - ETA: 10s - loss: 0.0017
 42/100 [===========>..................] - ETA: 10s - loss: 0.0017
 43/100 [===========>..................] - ETA: 10s - loss: 0.0017
 44/100 [============>.................] - ETA: 10s - loss: 0.0016
 45/100 [============>.................] - ETA: 9s - loss: 0.0016 
 46/100 [============>.................] - ETA: 9s - loss: 0.0016
 47/100 [=============>................] - ETA: 9s - loss: 0.0016
 48/100 [=============>................] - ETA: 9s - loss: 0.0016
 49/100 [=============>................] - ETA: 9s - loss: 0.0016
 50/100 [==============>...............] - ETA: 9s - loss: 0.0016
 51/100 [==============>...............] - ETA: 8s - loss: 0.0016
 52/100 [==============>...............] - ETA: 8s - loss: 0.0016
 53/100 [==============>...............] - ETA: 8s - loss: 0.0016
 54/100 [===============>..............] - ETA: 8s - loss: 0.0015
 55/100 [===============>..............] - ETA: 8s - loss: 0.0015
 56/100 [===============>..............] - ETA: 8s - loss: 0.0015
 57/100 [================>.............] - ETA: 7s - loss: 0.0015
 58/100 [================>.............] - ETA: 7s - loss: 0.0015
 59/100 [================>.............] - ETA: 7s - loss: 0.0015
 60/100 [=================>............] - ETA: 7s - loss: 0.0015
 61/100 [=================>............] - ETA: 7s - loss: 0.0015
 62/100 [=================>............] - ETA: 6s - loss: 0.0015
 63/100 [=================>............] - ETA: 6s - loss: 0.0015
 64/100 [==================>...........] - ETA: 6s - loss: 0.0015
 65/100 [==================>...........] - ETA: 6s - loss: 0.0015
 66/100 [==================>...........] - ETA: 6s - loss: 0.0015
 67/100 [===================>..........] - ETA: 6s - loss: 0.0015
 68/100 [===================>..........] - ETA: 5s - loss: 0.0015
 69/100 [===================>..........] - ETA: 5s - loss: 0.0014
 70/100 [====================>.........] - ETA: 5s - loss: 0.0014
 71/100 [====================>.........] - ETA: 5s - loss: 0.0014
 72/100 [====================>.........] - ETA: 5s - loss: 0.0014
 73/100 [====================>.........] - ETA: 4s - loss: 0.0014
 74/100 [=====================>........] - ETA: 4s - loss: 0.0014
 75/100 [=====================>........] - ETA: 4s - loss: 0.0014
 76/100 [=====================>........] - ETA: 4s - loss: 0.0014
 77/100 [======================>.......] - ETA: 4s - loss: 0.0014
 78/100 [======================>.......] - ETA: 4s - loss: 0.0014
 79/100 [======================>.......] - ETA: 3s - loss: 0.0014
 80/100 [=======================>......] - ETA: 3s - loss: 0.0014
 81/100 [=======================>......] - ETA: 3s - loss: 0.0014
 82/100 [=======================>......] - ETA: 3s - loss: 0.0014
 83/100 [=======================>......] - ETA: 3s - loss: 0.0014
 84/100 [========================>.....] - ETA: 2s - loss: 0.0014
 85/100 [========================>.....] - ETA: 2s - loss: 0.0014
 86/100 [========================>.....] - ETA: 2s - loss: 0.0014
 87/100 [=========================>....] - ETA: 2s - loss: 0.0014
 88/100 [=========================>....] - ETA: 2s - loss: 0.0014
 89/100 [=========================>....] - ETA: 2s - loss: 0.0014
 90/100 [==========================>...] - ETA: 1s - loss: 0.0013
 91/100 [==========================>...] - ETA: 1s - loss: 0.0013
 92/100 [==========================>...] - ETA: 1s - loss: 0.0013
 93/100 [==========================>...] - ETA: 1s - loss: 0.0013
 94/100 [===========================>..] - ETA: 1s - loss: 0.0013
 95/100 [===========================>..] - ETA: 0s - loss: 0.0013
 96/100 [===========================>..] - ETA: 0s - loss: 0.0013
 97/100 [============================>.] - ETA: 0s - loss: 0.0013
 98/100 [============================>.] - ETA: 0s - loss: 0.0013
 99/100 [============================>.] - ETA: 0s - loss: 0.0013
100/100 [==============================] - ETA: 0s - loss: 0.0013
100/100 [==============================] - 19s 186ms/step - loss: 0.0013
Epoch 3

  1/100 [..............................] - ETA: 19s - loss: 9.7676e-04
  2/100 [..............................] - ETA: 20s - loss: 9.7467e-04
  3/100 [..............................] - ETA: 17s - loss: 9.5817e-04
  4/100 [>.............................] - ETA: 17s - loss: 9.5397e-04
  5/100 [>.............................] - ETA: 17s - loss: 9.5585e-04
  6/100 [>.............................] - ETA: 16s - loss: 9.5279e-04
  7/100 [=>............................] - ETA: 16s - loss: 9.6303e-04
  8/100 [=>............................] - ETA: 16s - loss: 9.5468e-04
  9/100 [=>............................] - ETA: 16s - loss: 9.5337e-04
 10/100 [==>...........................] - ETA: 16s - loss: 9.4887e-04
 11/100 [==>...........................] - ETA: 16s - loss: 9.5233e-04
 12/100 [==>...........................] - ETA: 15s - loss: 9.5243e-04
 13/100 [==>...........................] - ETA: 15s - loss: 9.4791e-04
 14/100 [===>..........................] - ETA: 15s - loss: 9.5111e-04
 15/100 [===>..........................] - ETA: 15s - loss: 9.4787e-04
 16/100 [===>..........................] - ETA: 15s - loss: 9.4877e-04
 17/100 [====>.........................] - ETA: 14s - loss: 9.4873e-04
 18/100 [====>.........................] - ETA: 14s - loss: 9.4752e-04
 19/100 [====>.........................] - ETA: 14s - loss: 9.4546e-04
 20/100 [=====>........................] - ETA: 14s - loss: 9.4269e-04
 21/100 [=====>........................] - ETA: 14s - loss: 9.3891e-04
 22/100 [=====>........................] - ETA: 13s - loss: 9.3351e-04
 23/100 [=====>........................] - ETA: 13s - loss: 9.3425e-04
 24/100 [======>.......................] - ETA: 13s - loss: 9.3269e-04
 25/100 [======>.......................] - ETA: 13s - loss: 9.3257e-04
 26/100 [======>.......................] - ETA: 13s - loss: 9.2903e-04
 27/100 [=======>......................] - ETA: 12s - loss: 9.2874e-04
 28/100 [=======>......................] - ETA: 12s - loss: 9.2790e-04
 29/100 [=======>......................] - ETA: 12s - loss: 9.2601e-04
 30/100 [========>.....................] - ETA: 12s - loss: 9.2526e-04
 31/100 [========>.....................] - ETA: 12s - loss: 9.2495e-04
 32/100 [========>.....................] - ETA: 12s - loss: 9.2436e-04
 33/100 [========>.....................] - ETA: 11s - loss: 9.2313e-04
 34/100 [=========>....................] - ETA: 11s - loss: 9.2272e-04
 35/100 [=========>....................] - ETA: 11s - loss: 9.2082e-04
 36/100 [=========>....................] - ETA: 11s - loss: 9.2009e-04
 37/100 [==========>...................] - ETA: 11s - loss: 9.1881e-04
 38/100 [==========>...................] - ETA: 11s - loss: 9.1687e-04
 39/100 [==========>...................] - ETA: 10s - loss: 9.1602e-04
 40/100 [===========>..................] - ETA: 10s - loss: 9.1741e-04
 41/100 [===========>..................] - ETA: 10s - loss: 9.1608e-04
 42/100 [===========>..................] - ETA: 10s - loss: 9.1458e-04
 43/100 [===========>..................] - ETA: 10s - loss: 9.1255e-04
 44/100 [============>.................] - ETA: 10s - loss: 9.1177e-04
 45/100 [============>.................] - ETA: 10s - loss: 9.1034e-04
 46/100 [============>.................] - ETA: 9s - loss: 9.0971e-04 
 47/100 [=============>................] - ETA: 9s - loss: 9.0756e-04
 48/100 [=============>................] - ETA: 9s - loss: 9.0627e-04
 49/100 [=============>................] - ETA: 9s - loss: 9.0534e-04
 50/100 [==============>...............] - ETA: 9s - loss: 9.0336e-04
 51/100 [==============>...............] - ETA: 9s - loss: 9.0395e-04
 52/100 [==============>...............] - ETA: 9s - loss: 9.0283e-04
 53/100 [==============>...............] - ETA: 8s - loss: 9.0239e-04
 54/100 [===============>..............] - ETA: 8s - loss: 9.0253e-04
 55/100 [===============>..............] - ETA: 8s - loss: 9.0079e-04
 56/100 [===============>..............] - ETA: 8s - loss: 8.9949e-04
 57/100 [================>.............] - ETA: 8s - loss: 8.9717e-04
 58/100 [================>.............] - ETA: 7s - loss: 8.9630e-04
 59/100 [================>.............] - ETA: 7s - loss: 8.9509e-04
 60/100 [=================>............] - ETA: 7s - loss: 8.9450e-04
 61/100 [=================>............] - ETA: 7s - loss: 8.9379e-04
 62/100 [=================>............] - ETA: 7s - loss: 8.9284e-04
 63/100 [=================>............] - ETA: 7s - loss: 8.9255e-04
 64/100 [==================>...........] - ETA: 6s - loss: 8.9175e-04
 65/100 [==================>...........] - ETA: 6s - loss: 8.9097e-04
 66/100 [==================>...........] - ETA: 6s - loss: 8.9037e-04
 67/100 [===================>..........] - ETA: 6s - loss: 8.8880e-04
 68/100 [===================>..........] - ETA: 6s - loss: 8.8774e-04
 69/100 [===================>..........] - ETA: 5s - loss: 8.8634e-04
 70/100 [====================>.........] - ETA: 5s - loss: 8.8504e-04
 71/100 [====================>.........] - ETA: 5s - loss: 8.8435e-04
 72/100 [====================>.........] - ETA: 5s - loss: 8.8323e-04
 73/100 [====================>.........] - ETA: 5s - loss: 8.8183e-04
 74/100 [=====================>........] - ETA: 5s - loss: 8.8138e-04
 75/100 [=====================>........] - ETA: 4s - loss: 8.8035e-04
 76/100 [=====================>........] - ETA: 4s - loss: 8.7961e-04
 77/100 [======================>.......] - ETA: 4s - loss: 8.7834e-04
 78/100 [======================>.......] - ETA: 4s - loss: 8.7722e-04
 79/100 [======================>.......] - ETA: 4s - loss: 8.7567e-04
 80/100 [=======================>......] - ETA: 3s - loss: 8.7422e-04
 81/100 [=======================>......] - ETA: 3s - loss: 8.7263e-04
 82/100 [=======================>......] - ETA: 3s - loss: 8.7077e-04
 83/100 [=======================>......] - ETA: 3s - loss: 8.6994e-04
 84/100 [========================>.....] - ETA: 3s - loss: 8.6915e-04
 85/100 [========================>.....] - ETA: 2s - loss: 8.6802e-04
 86/100 [========================>.....] - ETA: 2s - loss: 8.6705e-04
 87/100 [=========================>....] - ETA: 2s - loss: 8.6656e-04
 88/100 [=========================>....] - ETA: 2s - loss: 8.6542e-04
 89/100 [=========================>....] - ETA: 2s - loss: 8.6484e-04
 90/100 [==========================>...] - ETA: 1s - loss: 8.6398e-04
 91/100 [==========================>...] - ETA: 1s - loss: 8.6283e-04
 92/100 [==========================>...] - ETA: 1s - loss: 8.6262e-04
 93/100 [==========================>...] - ETA: 1s - loss: 8.6179e-04
 94/100 [===========================>..] - ETA: 1s - loss: 8.6078e-04
 95/100 [===========================>..] - ETA: 0s - loss: 8.5968e-04
 96/100 [===========================>..] - ETA: 0s - loss: 8.5786e-04
 97/100 [============================>.] - ETA: 0s - loss: 8.5620e-04
 98/100 [============================>.] - ETA: 0s - loss: 8.5536e-04
 99/100 [============================>.] - ETA: 0s - loss: 8.5413e-04
100/100 [==============================] - ETA: 0s - loss: 8.5322e-04
100/100 [==============================] - 20s 196ms/step - loss: 8.5322e-04
Epoch 4

  1/100 [..............................] - ETA: 21s - loss: 7.5036e-04
  2/100 [..............................] - ETA: 15s - loss: 7.5301e-04
  3/100 [..............................] - ETA: 15s - loss: 7.5317e-04
  4/100 [>.............................] - ETA: 14s - loss: 7.5287e-04
  5/100 [>.............................] - ETA: 14s - loss: 7.5383e-04
  6/100 [>.............................] - ETA: 15s - loss: 7.4951e-04
  7/100 [=>............................] - ETA: 15s - loss: 7.4561e-04
  8/100 [=>............................] - ETA: 15s - loss: 7.4411e-04
  9/100 [=>............................] - ETA: 15s - loss: 7.4624e-04
 10/100 [==>...........................] - ETA: 15s - loss: 7.4438e-04
 11/100 [==>...........................] - ETA: 15s - loss: 7.4877e-04
 12/100 [==>...........................] - ETA: 15s - loss: 7.4470e-04
 13/100 [==>...........................] - ETA: 15s - loss: 7.4496e-04
 14/100 [===>..........................] - ETA: 15s - loss: 7.4559e-04
 15/100 [===>..........................] - ETA: 15s - loss: 7.4132e-04
 16/100 [===>..........................] - ETA: 15s - loss: 7.4004e-04
 17/100 [====>.........................] - ETA: 14s - loss: 7.3911e-04
 18/100 [====>.........................] - ETA: 14s - loss: 7.3447e-04
 19/100 [====>.........................] - ETA: 14s - loss: 7.3138e-04
 20/100 [=====>........................] - ETA: 14s - loss: 7.2829e-04
 21/100 [=====>........................] - ETA: 14s - loss: 7.2664e-04
 22/100 [=====>........................] - ETA: 14s - loss: 7.2768e-04
 23/100 [=====>........................] - ETA: 14s - loss: 7.2623e-04
 24/100 [======>.......................] - ETA: 13s - loss: 7.2475e-04
 25/100 [======>.......................] - ETA: 13s - loss: 7.2268e-04
 26/100 [======>.......................] - ETA: 13s - loss: 7.2023e-04
 27/100 [=======>......................] - ETA: 13s - loss: 7.1943e-04
 28/100 [=======>......................] - ETA: 13s - loss: 7.1830e-04
 29/100 [=======>......................] - ETA: 12s - loss: 7.1763e-04
 30/100 [========>.....................] - ETA: 12s - loss: 7.1740e-04
 31/100 [========>.....................] - ETA: 12s - loss: 7.1724e-04
 32/100 [========>.....................] - ETA: 12s - loss: 7.1774e-04
 33/100 [========>.....................] - ETA: 12s - loss: 7.1670e-04
 34/100 [=========>....................] - ETA: 12s - loss: 7.1615e-04
 35/100 [=========>....................] - ETA: 11s - loss: 7.1442e-04
 36/100 [=========>....................] - ETA: 11s - loss: 7.1445e-04
 37/100 [==========>...................] - ETA: 11s - loss: 7.1614e-04
 38/100 [==========>...................] - ETA: 11s - loss: 7.1427e-04
 39/100 [==========>...................] - ETA: 11s - loss: 7.1444e-04
 40/100 [===========>..................] - ETA: 10s - loss: 7.1350e-04
 41/100 [===========>..................] - ETA: 10s - loss: 7.1201e-04
 42/100 [===========>..................] - ETA: 10s - loss: 7.1106e-04
 43/100 [===========>..................] - ETA: 10s - loss: 7.1042e-04
 44/100 [============>.................] - ETA: 10s - loss: 7.0918e-04
 45/100 [============>.................] - ETA: 9s - loss: 7.0793e-04 
 46/100 [============>.................] - ETA: 9s - loss: 7.0655e-04
 47/100 [=============>................] - ETA: 9s - loss: 7.0509e-04
 48/100 [=============>................] - ETA: 9s - loss: 7.0445e-04
 49/100 [=============>................] - ETA: 9s - loss: 7.0239e-04
 50/100 [==============>...............] - ETA: 9s - loss: 7.0221e-04
 51/100 [==============>...............] - ETA: 8s - loss: 7.0117e-04
 52/100 [==============>...............] - ETA: 8s - loss: 7.0059e-04
 53/100 [==============>...............] - ETA: 8s - loss: 6.9942e-04
 54/100 [===============>..............] - ETA: 8s - loss: 6.9805e-04
 55/100 [===============>..............] - ETA: 8s - loss: 6.9707e-04
 56/100 [===============>..............] - ETA: 7s - loss: 6.9688e-04
 57/100 [================>.............] - ETA: 7s - loss: 6.9643e-04
 58/100 [================>.............] - ETA: 7s - loss: 6.9573e-04
 59/100 [================>.............] - ETA: 7s - loss: 6.9651e-04
 60/100 [=================>............] - ETA: 7s - loss: 6.9624e-04
 61/100 [=================>............] - ETA: 7s - loss: 6.9542e-04
 62/100 [=================>............] - ETA: 6s - loss: 6.9444e-04
 63/100 [=================>............] - ETA: 6s - loss: 6.9409e-04
 64/100 [==================>...........] - ETA: 6s - loss: 6.9304e-04
 65/100 [==================>...........] - ETA: 6s - loss: 6.9130e-04
 66/100 [==================>...........] - ETA: 6s - loss: 6.9054e-04
 67/100 [===================>..........] - ETA: 5s - loss: 6.8980e-04
 68/100 [===================>..........] - ETA: 5s - loss: 6.8892e-04
 69/100 [===================>..........] - ETA: 5s - loss: 6.8786e-04
 70/100 [====================>.........] - ETA: 5s - loss: 6.8792e-04
 71/100 [====================>.........] - ETA: 5s - loss: 6.8661e-04
 72/100 [====================>.........] - ETA: 5s - loss: 6.8552e-04
 73/100 [====================>.........] - ETA: 4s - loss: 6.8424e-04
 74/100 [=====================>........] - ETA: 4s - loss: 6.8284e-04
 75/100 [=====================>........] - ETA: 4s - loss: 6.8197e-04
 76/100 [=====================>........] - ETA: 4s - loss: 6.8169e-04
 77/100 [======================>.......] - ETA: 4s - loss: 6.8114e-04
 78/100 [======================>.......] - ETA: 4s - loss: 6.7955e-04
 79/100 [======================>.......] - ETA: 3s - loss: 6.7923e-04
 80/100 [=======================>......] - ETA: 3s - loss: 6.7887e-04
 81/100 [=======================>......] - ETA: 3s - loss: 6.7838e-04
 82/100 [=======================>......] - ETA: 3s - loss: 6.7757e-04
 83/100 [=======================>......] - ETA: 3s - loss: 6.7708e-04
 84/100 [========================>.....] - ETA: 2s - loss: 6.7603e-04
 85/100 [========================>.....] - ETA: 2s - loss: 6.7480e-04
 86/100 [========================>.....] - ETA: 2s - loss: 6.7416e-04
 87/100 [=========================>....] - ETA: 2s - loss: 6.7376e-04
 88/100 [=========================>....] - ETA: 2s - loss: 6.7290e-04
 89/100 [=========================>....] - ETA: 2s - loss: 6.7199e-04
 90/100 [==========================>...] - ETA: 1s - loss: 6.7149e-04
 91/100 [==========================>...] - ETA: 1s - loss: 6.7041e-04
 92/100 [==========================>...] - ETA: 1s - loss: 6.6922e-04
 93/100 [==========================>...] - ETA: 1s - loss: 6.6851e-04
 94/100 [===========================>..] - ETA: 1s - loss: 6.6747e-04
 95/100 [===========================>..] - ETA: 0s - loss: 6.6693e-04
 96/100 [===========================>..] - ETA: 0s - loss: 6.6630e-04
 97/100 [============================>.] - ETA: 0s - loss: 6.6560e-04
 98/100 [============================>.] - ETA: 0s - loss: 6.6489e-04
 99/100 [============================>.] - ETA: 0s - loss: 6.6447e-04
100/100 [==============================] - ETA: 0s - loss: 6.6382e-04
100/100 [==============================] - 18s 182ms/step - loss: 6.6382e-04
Epoch 5

  1/100 [..............................] - ETA: 19s - loss: 5.7977e-04
  2/100 [..............................] - ETA: 16s - loss: 5.8277e-04
  3/100 [..............................] - ETA: 16s - loss: 5.7985e-04
  4/100 [>.............................] - ETA: 16s - loss: 5.8134e-04
  5/100 [>.............................] - ETA: 16s - loss: 5.8404e-04
  6/100 [>.............................] - ETA: 15s - loss: 5.8955e-04
  7/100 [=>............................] - ETA: 15s - loss: 5.8406e-04
  8/100 [=>............................] - ETA: 15s - loss: 5.8342e-04
  9/100 [=>............................] - ETA: 15s - loss: 5.8290e-04
 10/100 [==>...........................] - ETA: 15s - loss: 5.8851e-04
 11/100 [==>...........................] - ETA: 15s - loss: 5.8858e-04
 12/100 [==>...........................] - ETA: 14s - loss: 5.8859e-04
 13/100 [==>...........................] - ETA: 14s - loss: 5.9038e-04
 14/100 [===>..........................] - ETA: 14s - loss: 5.9166e-04
 15/100 [===>..........................] - ETA: 14s - loss: 5.9046e-04
 16/100 [===>..........................] - ETA: 14s - loss: 5.9099e-04
 17/100 [====>.........................] - ETA: 14s - loss: 5.9174e-04
 18/100 [====>.........................] - ETA: 14s - loss: 5.8771e-04
 19/100 [====>.........................] - ETA: 14s - loss: 5.8461e-04
 20/100 [=====>........................] - ETA: 13s - loss: 5.8370e-04
 21/100 [=====>........................] - ETA: 13s - loss: 5.8478e-04
 22/100 [=====>........................] - ETA: 13s - loss: 5.8500e-04
 23/100 [=====>........................] - ETA: 13s - loss: 5.8379e-04
 24/100 [======>.......................] - ETA: 13s - loss: 5.8349e-04
 25/100 [======>.......................] - ETA: 13s - loss: 5.8255e-04
 26/100 [======>.......................] - ETA: 13s - loss: 5.8133e-04
 27/100 [=======>......................] - ETA: 13s - loss: 5.7888e-04
 28/100 [=======>......................] - ETA: 12s - loss: 5.7814e-04
 29/100 [=======>......................] - ETA: 12s - loss: 5.7873e-04
 30/100 [========>.....................] - ETA: 12s - loss: 5.7806e-04
 31/100 [========>.....................] - ETA: 12s - loss: 5.7677e-04
 32/100 [========>.....................] - ETA: 12s - loss: 5.7554e-04
 33/100 [========>.....................] - ETA: 12s - loss: 5.7528e-04
 34/100 [=========>....................] - ETA: 12s - loss: 5.7363e-04
 35/100 [=========>....................] - ETA: 11s - loss: 5.7265e-04
 36/100 [=========>....................] - ETA: 11s - loss: 5.7151e-04
 37/100 [==========>...................] - ETA: 11s - loss: 5.7165e-04
 38/100 [==========>...................] - ETA: 11s - loss: 5.7118e-04
 39/100 [==========>...................] - ETA: 11s - loss: 5.6996e-04
 40/100 [===========>..................] - ETA: 11s - loss: 5.6828e-04
 41/100 [===========>..................] - ETA: 10s - loss: 5.6750e-04
 42/100 [===========>..................] - ETA: 10s - loss: 5.6747e-04
 43/100 [===========>..................] - ETA: 10s - loss: 5.6636e-04
 44/100 [============>.................] - ETA: 10s - loss: 5.6564e-04
 45/100 [============>.................] - ETA: 10s - loss: 5.6575e-04
 46/100 [============>.................] - ETA: 10s - loss: 5.6519e-04
 47/100 [=============>................] - ETA: 9s - loss: 5.6427e-04 
 48/100 [=============>................] - ETA: 9s - loss: 5.6292e-04
 49/100 [=============>................] - ETA: 9s - loss: 5.6153e-04
 50/100 [==============>...............] - ETA: 9s - loss: 5.6053e-04
 51/100 [==============>...............] - ETA: 9s - loss: 5.5974e-04
 52/100 [==============>...............] - ETA: 8s - loss: 5.5968e-04
 53/100 [==============>...............] - ETA: 8s - loss: 5.5936e-04
 54/100 [===============>..............] - ETA: 8s - loss: 5.5807e-04
 55/100 [===============>..............] - ETA: 8s - loss: 5.5725e-04
 56/100 [===============>..............] - ETA: 8s - loss: 5.5661e-04
 57/100 [================>.............] - ETA: 7s - loss: 5.5645e-04
 58/100 [================>.............] - ETA: 7s - loss: 5.5690e-04
 59/100 [================>.............] - ETA: 7s - loss: 5.5624e-04
 60/100 [=================>............] - ETA: 7s - loss: 5.5543e-04
 61/100 [=================>............] - ETA: 7s - loss: 5.5524e-04
 62/100 [=================>............] - ETA: 7s - loss: 5.5507e-04
 63/100 [=================>............] - ETA: 6s - loss: 5.5418e-04
 64/100 [==================>...........] - ETA: 6s - loss: 5.5350e-04
 65/100 [==================>...........] - ETA: 6s - loss: 5.5278e-04
 66/100 [==================>...........] - ETA: 6s - loss: 5.5197e-04
 67/100 [===================>..........] - ETA: 6s - loss: 5.5069e-04
 68/100 [===================>..........] - ETA: 5s - loss: 5.4986e-04
 69/100 [===================>..........] - ETA: 5s - loss: 5.4921e-04
 70/100 [====================>.........] - ETA: 5s - loss: 5.4797e-04
 71/100 [====================>.........] - ETA: 5s - loss: 5.4702e-04
 72/100 [====================>.........] - ETA: 5s - loss: 5.4684e-04
 73/100 [====================>.........] - ETA: 4s - loss: 5.4608e-04
 74/100 [=====================>........] - ETA: 4s - loss: 5.4550e-04
 75/100 [=====================>........] - ETA: 4s - loss: 5.4491e-04
 76/100 [=====================>........] - ETA: 4s - loss: 5.4436e-04
 77/100 [======================>.......] - ETA: 4s - loss: 5.4360e-04
 78/100 [======================>.......] - ETA: 4s - loss: 5.4298e-04
 79/100 [======================>.......] - ETA: 3s - loss: 5.4279e-04
 80/100 [=======================>......] - ETA: 3s - loss: 5.4200e-04
 81/100 [=======================>......] - ETA: 3s - loss: 5.4149e-04
 82/100 [=======================>......] - ETA: 3s - loss: 5.4092e-04
 83/100 [=======================>......] - ETA: 3s - loss: 5.4010e-04
 84/100 [========================>.....] - ETA: 2s - loss: 5.3976e-04
 85/100 [========================>.....] - ETA: 2s - loss: 5.3902e-04
 86/100 [========================>.....] - ETA: 2s - loss: 5.3819e-04
 87/100 [=========================>....] - ETA: 2s - loss: 5.3732e-04
 88/100 [=========================>....] - ETA: 2s - loss: 5.3694e-04
 89/100 [=========================>....] - ETA: 2s - loss: 5.3666e-04
 90/100 [==========================>...] - ETA: 1s - loss: 5.3607e-04
 91/100 [==========================>...] - ETA: 1s - loss: 5.3556e-04
 92/100 [==========================>...] - ETA: 1s - loss: 5.3483e-04
 93/100 [==========================>...] - ETA: 1s - loss: 5.3397e-04
 94/100 [===========================>..] - ETA: 1s - loss: 5.3328e-04
 95/100 [===========================>..] - ETA: 0s - loss: 5.3300e-04
 96/100 [===========================>..] - ETA: 0s - loss: 5.3260e-04
 97/100 [============================>.] - ETA: 0s - loss: 5.3184e-04
 98/100 [============================>.] - ETA: 0s - loss: 5.3144e-04
 99/100 [============================>.] - ETA: 0s - loss: 5.3049e-04
100/100 [==============================] - ETA: 0s - loss: 5.3012e-04
100/100 [==============================] - 19s 187ms/step - loss: 5.3012e-04
Epoch 6

  1/100 [..............................] - ETA: 22s - loss: 4.9208e-04
  2/100 [..............................] - ETA: 17s - loss: 4.6972e-04
  3/100 [..............................] - ETA: 19s - loss: 4.6811e-04
  4/100 [>.............................] - ETA: 17s - loss: 4.7570e-04
  5/100 [>.............................] - ETA: 17s - loss: 4.7673e-04
  6/100 [>.............................] - ETA: 17s - loss: 4.8026e-04
  7/100 [=>............................] - ETA: 16s - loss: 4.7565e-04
  8/100 [=>............................] - ETA: 16s - loss: 4.7229e-04
  9/100 [=>............................] - ETA: 16s - loss: 4.7452e-04
 10/100 [==>...........................] - ETA: 16s - loss: 4.7221e-04
 11/100 [==>...........................] - ETA: 16s - loss: 4.7268e-04
 12/100 [==>...........................] - ETA: 16s - loss: 4.7561e-04
 13/100 [==>...........................] - ETA: 16s - loss: 4.7299e-04
 14/100 [===>..........................] - ETA: 16s - loss: 4.7137e-04
 15/100 [===>..........................] - ETA: 15s - loss: 4.6965e-04
 16/100 [===>..........................] - ETA: 15s - loss: 4.6951e-04
 17/100 [====>.........................] - ETA: 15s - loss: 4.6881e-04
 18/100 [====>.........................] - ETA: 15s - loss: 4.6868e-04
 19/100 [====>.........................] - ETA: 15s - loss: 4.6873e-04
 20/100 [=====>........................] - ETA: 15s - loss: 4.6701e-04
 21/100 [=====>........................] - ETA: 14s - loss: 4.6844e-04
 22/100 [=====>........................] - ETA: 14s - loss: 4.6688e-04
 23/100 [=====>........................] - ETA: 14s - loss: 4.6599e-04
 24/100 [======>.......................] - ETA: 14s - loss: 4.6540e-04
 25/100 [======>.......................] - ETA: 14s - loss: 4.6432e-04
 26/100 [======>.......................] - ETA: 13s - loss: 4.6361e-04
 27/100 [=======>......................] - ETA: 13s - loss: 4.6299e-04
 28/100 [=======>......................] - ETA: 13s - loss: 4.6428e-04
 29/100 [=======>......................] - ETA: 13s - loss: 4.6454e-04
 30/100 [========>.....................] - ETA: 13s - loss: 4.6536e-04
 31/100 [========>.....................] - ETA: 12s - loss: 4.6418e-04
 32/100 [========>.....................] - ETA: 12s - loss: 4.6214e-04
 33/100 [========>.....................] - ETA: 12s - loss: 4.6114e-04
 34/100 [=========>....................] - ETA: 12s - loss: 4.6050e-04
 35/100 [=========>....................] - ETA: 12s - loss: 4.5990e-04
 36/100 [=========>....................] - ETA: 11s - loss: 4.5981e-04
 37/100 [==========>...................] - ETA: 11s - loss: 4.5906e-04
 38/100 [==========>...................] - ETA: 11s - loss: 4.5910e-04
 39/100 [==========>...................] - ETA: 11s - loss: 4.5892e-04
 40/100 [===========>..................] - ETA: 11s - loss: 4.6006e-04
 41/100 [===========>..................] - ETA: 10s - loss: 4.5967e-04
 42/100 [===========>..................] - ETA: 10s - loss: 4.5933e-04
 43/100 [===========>..................] - ETA: 10s - loss: 4.5867e-04
 44/100 [============>.................] - ETA: 10s - loss: 4.5802e-04
 45/100 [============>.................] - ETA: 10s - loss: 4.5812e-04
 46/100 [============>.................] - ETA: 9s - loss: 4.5804e-04 
 47/100 [=============>................] - ETA: 9s - loss: 4.5919e-04
 48/100 [=============>................] - ETA: 9s - loss: 4.5826e-04
 49/100 [=============>................] - ETA: 9s - loss: 4.5781e-04
 50/100 [==============>...............] - ETA: 9s - loss: 4.5716e-04
 51/100 [==============>...............] - ETA: 9s - loss: 4.5675e-04
 52/100 [==============>...............] - ETA: 8s - loss: 4.5610e-04
 53/100 [==============>...............] - ETA: 8s - loss: 4.5614e-04
 54/100 [===============>..............] - ETA: 8s - loss: 4.5540e-04
 55/100 [===============>..............] - ETA: 8s - loss: 4.5448e-04
 56/100 [===============>..............] - ETA: 8s - loss: 4.5441e-04
 57/100 [================>.............] - ETA: 7s - loss: 4.5403e-04
 58/100 [================>.............] - ETA: 7s - loss: 4.5302e-04
 59/100 [================>.............] - ETA: 7s - loss: 4.5264e-04
 60/100 [=================>............] - ETA: 7s - loss: 4.5234e-04
 61/100 [=================>............] - ETA: 7s - loss: 4.5209e-04
 62/100 [=================>............] - ETA: 7s - loss: 4.5175e-04
 63/100 [=================>............] - ETA: 6s - loss: 4.5129e-04
 64/100 [==================>...........] - ETA: 6s - loss: 4.5117e-04
 65/100 [==================>...........] - ETA: 6s - loss: 4.5038e-04
 66/100 [==================>...........] - ETA: 6s - loss: 4.5013e-04
 67/100 [===================>..........] - ETA: 6s - loss: 4.4942e-04
 68/100 [===================>..........] - ETA: 5s - loss: 4.4893e-04
 69/100 [===================>..........] - ETA: 5s - loss: 4.4875e-04
 70/100 [====================>.........] - ETA: 5s - loss: 4.4839e-04
 71/100 [====================>.........] - ETA: 5s - loss: 4.4735e-04
 72/100 [====================>.........] - ETA: 5s - loss: 4.4683e-04
 73/100 [====================>.........] - ETA: 4s - loss: 4.4661e-04
 74/100 [=====================>........] - ETA: 4s - loss: 4.4605e-04
 75/100 [=====================>........] - ETA: 4s - loss: 4.4569e-04
 76/100 [=====================>........] - ETA: 4s - loss: 4.4577e-04
 77/100 [======================>.......] - ETA: 4s - loss: 4.4543e-04
 78/100 [======================>.......] - ETA: 4s - loss: 4.4474e-04
 79/100 [======================>.......] - ETA: 3s - loss: 4.4432e-04
 80/100 [=======================>......] - ETA: 3s - loss: 4.4413e-04
 81/100 [=======================>......] - ETA: 3s - loss: 4.4358e-04
 82/100 [=======================>......] - ETA: 3s - loss: 4.4306e-04
 83/100 [=======================>......] - ETA: 3s - loss: 4.4257e-04
 84/100 [========================>.....] - ETA: 2s - loss: 4.4197e-04
 85/100 [========================>.....] - ETA: 2s - loss: 4.4188e-04
 86/100 [========================>.....] - ETA: 2s - loss: 4.4161e-04
 87/100 [=========================>....] - ETA: 2s - loss: 4.4146e-04
 88/100 [=========================>....] - ETA: 2s - loss: 4.4118e-04
 89/100 [=========================>....] - ETA: 2s - loss: 4.4066e-04
 90/100 [==========================>...] - ETA: 1s - loss: 4.4023e-04
 91/100 [==========================>...] - ETA: 1s - loss: 4.4002e-04
 92/100 [==========================>...] - ETA: 1s - loss: 4.4061e-04
 93/100 [==========================>...] - ETA: 1s - loss: 4.4101e-04
 94/100 [===========================>..] - ETA: 1s - loss: 4.4096e-04
 95/100 [===========================>..] - ETA: 0s - loss: 4.4062e-04
 96/100 [===========================>..] - ETA: 0s - loss: 4.4031e-04
 97/100 [============================>.] - ETA: 0s - loss: 4.3980e-04
 98/100 [============================>.] - ETA: 0s - loss: 4.3945e-04
 99/100 [============================>.] - ETA: 0s - loss: 4.3950e-04
100/100 [==============================] - ETA: 0s - loss: 4.3925e-04
100/100 [==============================] - 18s 183ms/step - loss: 4.3925e-04
Epoch 7

  1/100 [..............................] - ETA: 28s - loss: 4.5020e-04
  2/100 [..............................] - ETA: 21s - loss: 4.5229e-04
  3/100 [..............................] - ETA: 24s - loss: 4.3720e-04
  4/100 [>.............................] - ETA: 21s - loss: 4.3266e-04
  5/100 [>.............................] - ETA: 20s - loss: 4.2781e-04
  6/100 [>.............................] - ETA: 20s - loss: 4.3353e-04
  7/100 [=>............................] - ETA: 19s - loss: 4.4073e-04
  8/100 [=>............................] - ETA: 18s - loss: 4.4407e-04
  9/100 [=>............................] - ETA: 18s - loss: 4.4176e-04
 10/100 [==>...........................] - ETA: 17s - loss: 4.3562e-04
 11/100 [==>...........................] - ETA: 17s - loss: 4.3494e-04
 12/100 [==>...........................] - ETA: 17s - loss: 4.3367e-04
 13/100 [==>...........................] - ETA: 17s - loss: 4.3841e-04
 14/100 [===>..........................] - ETA: 16s - loss: 4.3688e-04
 15/100 [===>..........................] - ETA: 16s - loss: 4.3275e-04
 16/100 [===>..........................] - ETA: 16s - loss: 4.2826e-04
 17/100 [====>.........................] - ETA: 16s - loss: 4.2813e-04
 18/100 [====>.........................] - ETA: 16s - loss: 4.2699e-04
 19/100 [====>.........................] - ETA: 15s - loss: 4.2712e-04
 20/100 [=====>........................] - ETA: 15s - loss: 4.2626e-04
 21/100 [=====>........................] - ETA: 15s - loss: 4.2445e-04
 22/100 [=====>........................] - ETA: 15s - loss: 4.2279e-04
 23/100 [=====>........................] - ETA: 14s - loss: 4.2287e-04
 24/100 [======>.......................] - ETA: 14s - loss: 4.2241e-04
 25/100 [======>.......................] - ETA: 14s - loss: 4.2048e-04
 26/100 [======>.......................] - ETA: 14s - loss: 4.1774e-04
 27/100 [=======>......................] - ETA: 13s - loss: 4.1607e-04
 28/100 [=======>......................] - ETA: 13s - loss: 4.1447e-04
 29/100 [=======>......................] - ETA: 13s - loss: 4.1193e-04
 30/100 [========>.....................] - ETA: 13s - loss: 4.1066e-04
 31/100 [========>.....................] - ETA: 13s - loss: 4.0899e-04
 32/100 [========>.....................] - ETA: 12s - loss: 4.0795e-04
 33/100 [========>.....................] - ETA: 12s - loss: 4.0791e-04
 34/100 [=========>....................] - ETA: 12s - loss: 4.0643e-04
 35/100 [=========>....................] - ETA: 12s - loss: 4.0599e-04
 36/100 [=========>....................] - ETA: 12s - loss: 4.0513e-04
 37/100 [==========>...................] - ETA: 11s - loss: 4.0469e-04
 38/100 [==========>...................] - ETA: 11s - loss: 4.0331e-04
 39/100 [==========>...................] - ETA: 11s - loss: 4.0343e-04
 40/100 [===========>..................] - ETA: 11s - loss: 4.0300e-04
 41/100 [===========>..................] - ETA: 11s - loss: 4.0266e-04
 42/100 [===========>..................] - ETA: 10s - loss: 4.0206e-04
 43/100 [===========>..................] - ETA: 10s - loss: 4.0122e-04
 44/100 [============>.................] - ETA: 10s - loss: 3.9991e-04
 45/100 [============>.................] - ETA: 10s - loss: 3.9934e-04
 46/100 [============>.................] - ETA: 10s - loss: 3.9827e-04
 47/100 [=============>................] - ETA: 10s - loss: 3.9832e-04
 48/100 [=============>................] - ETA: 9s - loss: 3.9790e-04 
 49/100 [=============>................] - ETA: 9s - loss: 3.9731e-04
 50/100 [==============>...............] - ETA: 9s - loss: 3.9653e-04
 51/100 [==============>...............] - ETA: 9s - loss: 3.9631e-04
 52/100 [==============>...............] - ETA: 9s - loss: 3.9612e-04
 53/100 [==============>...............] - ETA: 9s - loss: 3.9585e-04
 54/100 [===============>..............] - ETA: 8s - loss: 3.9542e-04
 55/100 [===============>..............] - ETA: 8s - loss: 3.9525e-04
 56/100 [===============>..............] - ETA: 8s - loss: 3.9469e-04
 57/100 [================>.............] - ETA: 8s - loss: 3.9373e-04
 58/100 [================>.............] - ETA: 8s - loss: 3.9348e-04
 59/100 [================>.............] - ETA: 8s - loss: 3.9305e-04
 60/100 [=================>............] - ETA: 7s - loss: 3.9270e-04
 61/100 [=================>............] - ETA: 7s - loss: 3.9284e-04
 62/100 [=================>............] - ETA: 7s - loss: 3.9246e-04
 63/100 [=================>............] - ETA: 7s - loss: 3.9200e-04
 64/100 [==================>...........] - ETA: 7s - loss: 3.9189e-04
 65/100 [==================>...........] - ETA: 6s - loss: 3.9133e-04
 66/100 [==================>...........] - ETA: 6s - loss: 3.9091e-04
 67/100 [===================>..........] - ETA: 6s - loss: 3.9073e-04
 68/100 [===================>..........] - ETA: 6s - loss: 3.9025e-04
 69/100 [===================>..........] - ETA: 6s - loss: 3.8998e-04
 70/100 [====================>.........] - ETA: 5s - loss: 3.9000e-04
 71/100 [====================>.........] - ETA: 5s - loss: 3.8930e-04
 72/100 [====================>.........] - ETA: 5s - loss: 3.8854e-04
 73/100 [====================>.........] - ETA: 5s - loss: 3.8760e-04
 74/100 [=====================>........] - ETA: 5s - loss: 3.8736e-04
 75/100 [=====================>........] - ETA: 5s - loss: 3.8724e-04
 76/100 [=====================>........] - ETA: 4s - loss: 3.8713e-04
 77/100 [======================>.......] - ETA: 4s - loss: 3.8671e-04
 78/100 [======================>.......] - ETA: 4s - loss: 3.8644e-04
 79/100 [======================>.......] - ETA: 4s - loss: 3.8578e-04
 80/100 [=======================>......] - ETA: 4s - loss: 3.8541e-04
 81/100 [=======================>......] - ETA: 3s - loss: 3.8494e-04
 82/100 [=======================>......] - ETA: 3s - loss: 3.8461e-04
 83/100 [=======================>......] - ETA: 3s - loss: 3.8407e-04
 84/100 [========================>.....] - ETA: 3s - loss: 3.8409e-04
 85/100 [========================>.....] - ETA: 3s - loss: 3.8406e-04
 86/100 [========================>.....] - ETA: 2s - loss: 3.8361e-04
 87/100 [=========================>....] - ETA: 2s - loss: 3.8313e-04
 88/100 [=========================>....] - ETA: 2s - loss: 3.8291e-04
 89/100 [=========================>....] - ETA: 2s - loss: 3.8224e-04
 90/100 [==========================>...] - ETA: 2s - loss: 3.8201e-04
 91/100 [==========================>...] - ETA: 1s - loss: 3.8192e-04
 92/100 [==========================>...] - ETA: 1s - loss: 3.8133e-04
 93/100 [==========================>...] - ETA: 1s - loss: 3.8121e-04
 94/100 [===========================>..] - ETA: 1s - loss: 3.8099e-04
 95/100 [===========================>..] - ETA: 1s - loss: 3.8105e-04
 96/100 [===========================>..] - ETA: 0s - loss: 3.8106e-04
 97/100 [============================>.] - ETA: 0s - loss: 3.8078e-04
 98/100 [============================>.] - ETA: 0s - loss: 3.8071e-04
 99/100 [============================>.] - ETA: 0s - loss: 3.8062e-04
100/100 [==============================] - ETA: 0s - loss: 3.8033e-04
100/100 [==============================] - 20s 203ms/step - loss: 3.8033e-04
Epoch 8

  1/100 [..............................] - ETA: 21s - loss: 3.5758e-04
  2/100 [..............................] - ETA: 17s - loss: 3.6712e-04
  3/100 [..............................] - ETA: 17s - loss: 3.6881e-04
  4/100 [>.............................] - ETA: 17s - loss: 3.5993e-04
  5/100 [>.............................] - ETA: 16s - loss: 3.5758e-04
  6/100 [>.............................] - ETA: 16s - loss: 3.5732e-04
  7/100 [=>............................] - ETA: 16s - loss: 3.5612e-04
  8/100 [=>............................] - ETA: 16s - loss: 3.5806e-04
  9/100 [=>............................] - ETA: 16s - loss: 3.5873e-04
 10/100 [==>...........................] - ETA: 16s - loss: 3.5853e-04
 11/100 [==>...........................] - ETA: 15s - loss: 3.5873e-04
 12/100 [==>...........................] - ETA: 15s - loss: 3.5741e-04
 13/100 [==>...........................] - ETA: 15s - loss: 3.5646e-04
 14/100 [===>..........................] - ETA: 15s - loss: 3.5670e-04
 15/100 [===>..........................] - ETA: 14s - loss: 3.5704e-04
 16/100 [===>..........................] - ETA: 14s - loss: 3.5659e-04
 17/100 [====>.........................] - ETA: 14s - loss: 3.5618e-04
 18/100 [====>.........................] - ETA: 14s - loss: 3.5618e-04
 19/100 [====>.........................] - ETA: 14s - loss: 3.5449e-04
 20/100 [=====>........................] - ETA: 13s - loss: 3.5460e-04
 21/100 [=====>........................] - ETA: 13s - loss: 3.5430e-04
 22/100 [=====>........................] - ETA: 13s - loss: 3.5383e-04
 23/100 [=====>........................] - ETA: 13s - loss: 3.5201e-04
 24/100 [======>.......................] - ETA: 13s - loss: 3.5088e-04
 25/100 [======>.......................] - ETA: 12s - loss: 3.5037e-04
 26/100 [======>.......................] - ETA: 12s - loss: 3.5035e-04
 27/100 [=======>......................] - ETA: 12s - loss: 3.4962e-04
 28/100 [=======>......................] - ETA: 12s - loss: 3.4870e-04
 29/100 [=======>......................] - ETA: 12s - loss: 3.4838e-04
 30/100 [========>.....................] - ETA: 11s - loss: 3.4770e-04
 31/100 [========>.....................] - ETA: 11s - loss: 3.4688e-04
 32/100 [========>.....................] - ETA: 11s - loss: 3.4602e-04
 33/100 [========>.....................] - ETA: 11s - loss: 3.4650e-04
 34/100 [=========>....................] - ETA: 11s - loss: 3.4694e-04
 35/100 [=========>....................] - ETA: 11s - loss: 3.4756e-04
 36/100 [=========>....................] - ETA: 11s - loss: 3.4822e-04
 37/100 [==========>...................] - ETA: 10s - loss: 3.5009e-04
 38/100 [==========>...................] - ETA: 10s - loss: 3.5221e-04
 39/100 [==========>...................] - ETA: 10s - loss: 3.5600e-04
 40/100 [===========>..................] - ETA: 10s - loss: 3.5920e-04
 41/100 [===========>..................] - ETA: 10s - loss: 3.6180e-04
 42/100 [===========>..................] - ETA: 9s - loss: 3.6295e-04 
 43/100 [===========>..................] - ETA: 9s - loss: 3.6434e-04
 44/100 [============>.................] - ETA: 9s - loss: 3.6443e-04
 45/100 [============>.................] - ETA: 9s - loss: 3.6386e-04
 46/100 [============>.................] - ETA: 9s - loss: 3.6278e-04
 47/100 [=============>................] - ETA: 9s - loss: 3.6276e-04
 48/100 [=============>................] - ETA: 8s - loss: 3.6317e-04
 49/100 [=============>................] - ETA: 8s - loss: 3.6305e-04
 50/100 [==============>...............] - ETA: 8s - loss: 3.6307e-04
 51/100 [==============>...............] - ETA: 8s - loss: 3.6307e-04
 52/100 [==============>...............] - ETA: 8s - loss: 3.6275e-04
 53/100 [==============>...............] - ETA: 8s - loss: 3.6219e-04
 54/100 [===============>..............] - ETA: 7s - loss: 3.6168e-04
 55/100 [===============>..............] - ETA: 7s - loss: 3.6141e-04
 56/100 [===============>..............] - ETA: 7s - loss: 3.6107e-04
 57/100 [================>.............] - ETA: 7s - loss: 3.6005e-04
 58/100 [================>.............] - ETA: 7s - loss: 3.5918e-04
 59/100 [================>.............] - ETA: 6s - loss: 3.5869e-04
 60/100 [=================>............] - ETA: 6s - loss: 3.5806e-04
 61/100 [=================>............] - ETA: 6s - loss: 3.5783e-04
 62/100 [=================>............] - ETA: 6s - loss: 3.5734e-04
 63/100 [=================>............] - ETA: 6s - loss: 3.5697e-04
 64/100 [==================>...........] - ETA: 6s - loss: 3.5683e-04
 65/100 [==================>...........] - ETA: 5s - loss: 3.5648e-04
 66/100 [==================>...........] - ETA: 5s - loss: 3.5620e-04
 67/100 [===================>..........] - ETA: 5s - loss: 3.5597e-04
 68/100 [===================>..........] - ETA: 5s - loss: 3.5568e-04
 69/100 [===================>..........] - ETA: 5s - loss: 3.5558e-04
 70/100 [====================>.........] - ETA: 5s - loss: 3.5528e-04
 71/100 [====================>.........] - ETA: 4s - loss: 3.5491e-04
 72/100 [====================>.........] - ETA: 4s - loss: 3.5505e-04
 73/100 [====================>.........] - ETA: 4s - loss: 3.5514e-04
 74/100 [=====================>........] - ETA: 4s - loss: 3.5548e-04
 75/100 [=====================>........] - ETA: 4s - loss: 3.5605e-04
 76/100 [=====================>........] - ETA: 4s - loss: 3.5670e-04
 77/100 [======================>.......] - ETA: 3s - loss: 3.5722e-04
 78/100 [======================>.......] - ETA: 3s - loss: 3.5725e-04
 79/100 [======================>.......] - ETA: 3s - loss: 3.5685e-04
 80/100 [=======================>......] - ETA: 3s - loss: 3.5666e-04
 81/100 [=======================>......] - ETA: 3s - loss: 3.5620e-04
 82/100 [=======================>......] - ETA: 3s - loss: 3.5636e-04
 83/100 [=======================>......] - ETA: 2s - loss: 3.5657e-04
 84/100 [========================>.....] - ETA: 2s - loss: 3.5687e-04
 85/100 [========================>.....] - ETA: 2s - loss: 3.5696e-04
 86/100 [========================>.....] - ETA: 2s - loss: 3.5701e-04
 87/100 [=========================>....] - ETA: 2s - loss: 3.5648e-04
 88/100 [=========================>....] - ETA: 2s - loss: 3.5625e-04
 89/100 [=========================>....] - ETA: 1s - loss: 3.5601e-04
 90/100 [==========================>...] - ETA: 1s - loss: 3.5587e-04
 91/100 [==========================>...] - ETA: 1s - loss: 3.5570e-04
 92/100 [==========================>...] - ETA: 1s - loss: 3.5543e-04
 93/100 [==========================>...] - ETA: 1s - loss: 3.5510e-04
 94/100 [===========================>..] - ETA: 1s - loss: 3.5476e-04
 95/100 [===========================>..] - ETA: 0s - loss: 3.5437e-04
 96/100 [===========================>..] - ETA: 0s - loss: 3.5396e-04
 97/100 [============================>.] - ETA: 0s - loss: 3.5367e-04
 98/100 [============================>.] - ETA: 0s - loss: 3.5309e-04
 99/100 [============================>.] - ETA: 0s - loss: 3.5272e-04
100/100 [==============================] - ETA: 0s - loss: 3.5240e-04
100/100 [==============================] - 17s 172ms/step - loss: 3.5240e-04
Epoch 9

  1/100 [..............................] - ETA: 22s - loss: 3.0766e-04
  2/100 [..............................] - ETA: 16s - loss: 3.2481e-04
  3/100 [..............................] - ETA: 15s - loss: 3.2491e-04
  4/100 [>.............................] - ETA: 15s - loss: 3.2626e-04
  5/100 [>.............................] - ETA: 16s - loss: 3.2257e-04
  6/100 [>.............................] - ETA: 15s - loss: 3.2041e-04
  7/100 [=>............................] - ETA: 15s - loss: 3.1684e-04
  8/100 [=>............................] - ETA: 15s - loss: 3.1241e-04
  9/100 [=>............................] - ETA: 15s - loss: 3.1186e-04
 10/100 [==>...........................] - ETA: 14s - loss: 3.1274e-04
 11/100 [==>...........................] - ETA: 14s - loss: 3.1596e-04
 12/100 [==>...........................] - ETA: 14s - loss: 3.1598e-04
 13/100 [==>...........................] - ETA: 14s - loss: 3.1614e-04
 14/100 [===>..........................] - ETA: 14s - loss: 3.1469e-04
 15/100 [===>..........................] - ETA: 14s - loss: 3.1452e-04
 16/100 [===>..........................] - ETA: 13s - loss: 3.1512e-04
 17/100 [====>.........................] - ETA: 13s - loss: 3.1541e-04
 18/100 [====>.........................] - ETA: 13s - loss: 3.1616e-04
 19/100 [====>.........................] - ETA: 13s - loss: 3.1544e-04
 20/100 [=====>........................] - ETA: 13s - loss: 3.1611e-04
 21/100 [=====>........................] - ETA: 13s - loss: 3.1581e-04
 22/100 [=====>........................] - ETA: 13s - loss: 3.1473e-04
 23/100 [=====>........................] - ETA: 13s - loss: 3.1656e-04
 24/100 [======>.......................] - ETA: 12s - loss: 3.1632e-04
 25/100 [======>.......................] - ETA: 12s - loss: 3.1580e-04
 26/100 [======>.......................] - ETA: 12s - loss: 3.1596e-04
 27/100 [=======>......................] - ETA: 12s - loss: 3.1555e-04
 28/100 [=======>......................] - ETA: 12s - loss: 3.1527e-04
 29/100 [=======>......................] - ETA: 11s - loss: 3.1523e-04
 30/100 [========>.....................] - ETA: 11s - loss: 3.1559e-04
 31/100 [========>.....................] - ETA: 11s - loss: 3.1571e-04
 32/100 [========>.....................] - ETA: 11s - loss: 3.1635e-04
 33/100 [========>.....................] - ETA: 11s - loss: 3.1733e-04
 34/100 [=========>....................] - ETA: 11s - loss: 3.1953e-04
 35/100 [=========>....................] - ETA: 11s - loss: 3.2169e-04
 36/100 [=========>....................] - ETA: 10s - loss: 3.2352e-04
 37/100 [==========>...................] - ETA: 10s - loss: 3.2393e-04
 38/100 [==========>...................] - ETA: 10s - loss: 3.2323e-04
 39/100 [==========>...................] - ETA: 10s - loss: 3.2211e-04
 40/100 [===========>..................] - ETA: 10s - loss: 3.2264e-04
 41/100 [===========>..................] - ETA: 10s - loss: 3.2282e-04
 42/100 [===========>..................] - ETA: 9s - loss: 3.2355e-04 
 43/100 [===========>..................] - ETA: 9s - loss: 3.2474e-04
 44/100 [============>.................] - ETA: 9s - loss: 3.2617e-04
 45/100 [============>.................] - ETA: 9s - loss: 3.2765e-04
 46/100 [============>.................] - ETA: 9s - loss: 3.2869e-04
 47/100 [=============>................] - ETA: 9s - loss: 3.2914e-04
 48/100 [=============>................] - ETA: 8s - loss: 3.2931e-04
 49/100 [=============>................] - ETA: 8s - loss: 3.2873e-04
 50/100 [==============>...............] - ETA: 8s - loss: 3.2801e-04
 51/100 [==============>...............] - ETA: 8s - loss: 3.2794e-04
 52/100 [==============>...............] - ETA: 8s - loss: 3.2772e-04
 53/100 [==============>...............] - ETA: 8s - loss: 3.2788e-04
 54/100 [===============>..............] - ETA: 7s - loss: 3.2736e-04
 55/100 [===============>..............] - ETA: 7s - loss: 3.2709e-04
 56/100 [===============>..............] - ETA: 7s - loss: 3.2710e-04
 57/100 [================>.............] - ETA: 7s - loss: 3.2638e-04
 58/100 [================>.............] - ETA: 7s - loss: 3.2571e-04
 59/100 [================>.............] - ETA: 7s - loss: 3.2536e-04
 60/100 [=================>............] - ETA: 6s - loss: 3.2510e-04
 61/100 [=================>............] - ETA: 6s - loss: 3.2462e-04
 62/100 [=================>............] - ETA: 6s - loss: 3.2443e-04
 63/100 [=================>............] - ETA: 6s - loss: 3.2376e-04
 64/100 [==================>...........] - ETA: 6s - loss: 3.2338e-04
 65/100 [==================>...........] - ETA: 6s - loss: 3.2308e-04
 66/100 [==================>...........] - ETA: 5s - loss: 3.2297e-04
 67/100 [===================>..........] - ETA: 5s - loss: 3.2279e-04
 68/100 [===================>..........] - ETA: 5s - loss: 3.2227e-04
 69/100 [===================>..........] - ETA: 5s - loss: 3.2195e-04
 70/100 [====================>.........] - ETA: 5s - loss: 3.2130e-04
 71/100 [====================>.........] - ETA: 5s - loss: 3.2070e-04
 72/100 [====================>.........] - ETA: 4s - loss: 3.2075e-04
 73/100 [====================>.........] - ETA: 4s - loss: 3.2045e-04
 74/100 [=====================>........] - ETA: 4s - loss: 3.2068e-04
 75/100 [=====================>........] - ETA: 4s - loss: 3.2074e-04
 76/100 [=====================>........] - ETA: 4s - loss: 3.2056e-04
 77/100 [======================>.......] - ETA: 3s - loss: 3.2053e-04
 78/100 [======================>.......] - ETA: 3s - loss: 3.2019e-04
 79/100 [======================>.......] - ETA: 3s - loss: 3.1979e-04
 80/100 [=======================>......] - ETA: 3s - loss: 3.1941e-04
 81/100 [=======================>......] - ETA: 3s - loss: 3.1939e-04
 82/100 [=======================>......] - ETA: 3s - loss: 3.1972e-04
 83/100 [=======================>......] - ETA: 2s - loss: 3.2001e-04
 84/100 [========================>.....] - ETA: 2s - loss: 3.2075e-04
 85/100 [========================>.....] - ETA: 2s - loss: 3.2157e-04
 86/100 [========================>.....] - ETA: 2s - loss: 3.2203e-04
 87/100 [=========================>....] - ETA: 2s - loss: 3.2188e-04
 88/100 [=========================>....] - ETA: 2s - loss: 3.2186e-04
 89/100 [=========================>....] - ETA: 1s - loss: 3.2136e-04
 90/100 [==========================>...] - ETA: 1s - loss: 3.2117e-04
 91/100 [==========================>...] - ETA: 1s - loss: 3.2073e-04
 92/100 [==========================>...] - ETA: 1s - loss: 3.2048e-04
 93/100 [==========================>...] - ETA: 1s - loss: 3.2079e-04
 94/100 [===========================>..] - ETA: 1s - loss: 3.2063e-04
 95/100 [===========================>..] - ETA: 0s - loss: 3.2086e-04
 96/100 [===========================>..] - ETA: 0s - loss: 3.2087e-04
 97/100 [============================>.] - ETA: 0s - loss: 3.2063e-04
 98/100 [============================>.] - ETA: 0s - loss: 3.2016e-04
 99/100 [============================>.] - ETA: 0s - loss: 3.1966e-04
100/100 [==============================] - ETA: 0s - loss: 3.1912e-04
100/100 [==============================] - 17s 172ms/step - loss: 3.1912e-04
Model: "sequential"
_________________________________________________________________
Layer (type)                 Output Shape              Param #   
=================================================================
dense (Dense)                (None, 50)                300       
_________________________________________________________________
dense_1 (Dense)              (None, 50)                2550      
_________________________________________________________________
dense_2 (Dense)              (None, 50)                2550      
_________________________________________________________________
dense_3 (Dense)              (None, 1)                 51        
=================================================================
Total params: 5,451
Trainable params: 5,451
Non-trainable params: 0
_________________________________________________________________
Model: "pinn"
_________________________________________________________________
Layer (type)                 Output Shape              Param #   
=================================================================
dense (Dense)                (None, 50)                300       
_________________________________________________________________
dense_1 (Dense)              (None, 50)                2550      
_________________________________________________________________
dense_2 (Dense)              (None, 50)                2550      
_________________________________________________________________
dense_3 (Dense)              (None, 1)                 51        
=================================================================
Total params: 5,451
Trainable params: 5,451
Non-trainable params: 0
_________________________________________________________________
Epoch 0

1/1 [==============================] - ETA: 0s - loss: 0.0483
1/1 [==============================] - 13s 13s/step - loss: 0.0483
Epoch 1

1/1 [==============================] - ETA: 0s - loss: 0.0311
1/1 [==============================] - 8s 8s/step - loss: 0.0311
Epoch 2

1/1 [==============================] - ETA: 0s - loss: 0.0297
1/1 [==============================] - 8s 8s/step - loss: 0.0297
Epoch 3

1/1 [==============================] - ETA: 0s - loss: 0.0350
1/1 [==============================] - 8s 8s/step - loss: 0.0350
Epoch 4

1/1 [==============================] - ETA: 0s - loss: 0.0368
1/1 [==============================] - 8s 8s/step - loss: 0.0368
Epoch 5

1/1 [==============================] - ETA: 0s - loss: 0.0342
1/1 [==============================] - 8s 8s/step - loss: 0.0342
Epoch 6

1/1 [==============================] - ETA: 0s - loss: 0.0307
1/1 [==============================] - 9s 9s/step - loss: 0.0307
Epoch 7

1/1 [==============================] - ETA: 0s - loss: 0.0288
1/1 [==============================] - 8s 8s/step - loss: 0.0288
Epoch 8

1/1 [==============================] - ETA: 0s - loss: 0.0291
1/1 [==============================] - 8s 8s/step - loss: 0.0291
Epoch 9

1/1 [==============================] - ETA: 0s - loss: 0.0308
1/1 [==============================] - 8s 8s/step - loss: 0.0308
Epoch 10

1/1 [==============================] - ETA: 0s - loss: 0.0320
1/1 [==============================] - 8s 8s/step - loss: 0.0320
Epoch 11

1/1 [==============================] - ETA: 0s - loss: 0.0319
1/1 [==============================] - 8s 8s/step - loss: 0.0319
Epoch 12

1/1 [==============================] - ETA: 0s - loss: 0.0307
1/1 [==============================] - 8s 8s/step - loss: 0.0307
Epoch 13

1/1 [==============================] - ETA: 0s - loss: 0.0293
1/1 [==============================] - 8s 8s/step - loss: 0.0293
Epoch 14

1/1 [==============================] - ETA: 0s - loss: 0.0286
1/1 [==============================] - 8s 8s/step - loss: 0.0286
Epoch 15

1/1 [==============================] - ETA: 0s - loss: 0.0288
1/1 [==============================] - 8s 8s/step - loss: 0.0288
Epoch 16

1/1 [==============================] - ETA: 0s - loss: 0.0295
1/1 [==============================] - 8s 8s/step - loss: 0.0295
Epoch 17

1/1 [==============================] - ETA: 0s - loss: 0.0300
1/1 [==============================] - 8s 8s/step - loss: 0.0300
Epoch 18

1/1 [==============================] - ETA: 0s - loss: 0.0301
1/1 [==============================] - 8s 8s/step - loss: 0.0301
Epoch 19

1/1 [==============================] - ETA: 0s - loss: 0.0296
1/1 [==============================] - 8s 8s/step - loss: 0.0296
Epoch 20

1/1 [==============================] - ETA: 0s - loss: 0.0289
1/1 [==============================] - 8s 8s/step - loss: 0.0289
Epoch 21

1/1 [==============================] - ETA: 0s - loss: 0.0285
1/1 [==============================] - 9s 9s/step - loss: 0.0285
Epoch 22

1/1 [==============================] - ETA: 0s - loss: 0.0285
1/1 [==============================] - 8s 8s/step - loss: 0.0285
Epoch 23

1/1 [==============================] - ETA: 0s - loss: 0.0288
1/1 [==============================] - 8s 8s/step - loss: 0.0288
Epoch 24

1/1 [==============================] - ETA: 0s - loss: 0.0291
1/1 [==============================] - 8s 8s/step - loss: 0.0291
Epoch 25

1/1 [==============================] - ETA: 0s - loss: 0.0291
1/1 [==============================] - 8s 8s/step - loss: 0.0291
Epoch 26

1/1 [==============================] - ETA: 0s - loss: 0.0289
1/1 [==============================] - 8s 8s/step - loss: 0.0289
Epoch 27

1/1 [==============================] - ETA: 0s - loss: 0.0286
1/1 [==============================] - 8s 8s/step - loss: 0.0286
Epoch 28

1/1 [==============================] - ETA: 0s - loss: 0.0283
1/1 [==============================] - 8s 8s/step - loss: 0.0283
Epoch 29

1/1 [==============================] - ETA: 0s - loss: 0.0283
1/1 [==============================] - 8s 8s/step - loss: 0.0283
Epoch 30

1/1 [==============================] - ETA: 0s - loss: 0.0285
1/1 [==============================] - 8s 8s/step - loss: 0.0285
Epoch 31

1/1 [==============================] - ETA: 0s - loss: 0.0286
1/1 [==============================] - 8s 8s/step - loss: 0.0286
Epoch 32

1/1 [==============================] - ETA: 0s - loss: 0.0286
1/1 [==============================] - 8s 8s/step - loss: 0.0286
Epoch 33

1/1 [==============================] - ETA: 0s - loss: 0.0285
1/1 [==============================] - 8s 8s/step - loss: 0.0285
Epoch 34

1/1 [==============================] - ETA: 0s - loss: 0.0283
1/1 [==============================] - 8s 8s/step - loss: 0.0283
Epoch 35

1/1 [==============================] - ETA: 0s - loss: 0.0282
1/1 [==============================] - 8s 8s/step - loss: 0.0282
Epoch 36

1/1 [==============================] - ETA: 0s - loss: 0.0282
1/1 [==============================] - 8s 8s/step - loss: 0.0282
Epoch 37

1/1 [==============================] - ETA: 0s - loss: 0.0283
1/1 [==============================] - 8s 8s/step - loss: 0.0283
Epoch 38

1/1 [==============================] - ETA: 0s - loss: 0.0283
1/1 [==============================] - 8s 8s/step - loss: 0.0283
Epoch 39

1/1 [==============================] - ETA: 0s - loss: 0.0283
1/1 [==============================] - 8s 8s/step - loss: 0.0283
Epoch 40

1/1 [==============================] - ETA: 0s - loss: 0.0282
1/1 [==============================] - 8s 8s/step - loss: 0.0282
Epoch 41

1/1 [==============================] - ETA: 0s - loss: 0.0281
1/1 [==============================] - 8s 8s/step - loss: 0.0281
Epoch 42

1/1 [==============================] - ETA: 0s - loss: 0.0280
1/1 [==============================] - 8s 8s/step - loss: 0.0280
Epoch 43

1/1 [==============================] - ETA: 0s - loss: 0.0280
1/1 [==============================] - 8s 8s/step - loss: 0.0280
Epoch 44

1/1 [==============================] - ETA: 0s - loss: 0.0281
1/1 [==============================] - 9s 9s/step - loss: 0.0281
Epoch 45

1/1 [==============================] - ETA: 0s - loss: 0.0281
1/1 [==============================] - 9s 9s/step - loss: 0.0281
Epoch 46

1/1 [==============================] - ETA: 0s - loss: 0.0280
1/1 [==============================] - 8s 8s/step - loss: 0.0280
Epoch 47

1/1 [==============================] - ETA: 0s - loss: 0.0279
1/1 [==============================] - 8s 8s/step - loss: 0.0279
Epoch 48

1/1 [==============================] - ETA: 0s - loss: 0.0279
1/1 [==============================] - 8s 8s/step - loss: 0.0279
Epoch 49

1/1 [==============================] - ETA: 0s - loss: 0.0279
1/1 [==============================] - 8s 8s/step - loss: 0.0279
Epoch 50

1/1 [==============================] - ETA: 0s - loss: 0.0279
1/1 [==============================] - 8s 8s/step - loss: 0.0279
Epoch 51

1/1 [==============================] - ETA: 0s - loss: 0.0279
1/1 [==============================] - 8s 8s/step - loss: 0.0279
Epoch 52

1/1 [==============================] - ETA: 0s - loss: 0.0279
1/1 [==============================] - 8s 8s/step - loss: 0.0279
Epoch 53

1/1 [==============================] - ETA: 0s - loss: 0.0278
1/1 [==============================] - 8s 8s/step - loss: 0.0278
Epoch 54

1/1 [==============================] - ETA: 0s - loss: 0.0278
1/1 [==============================] - 8s 8s/step - loss: 0.0278
Epoch 55

1/1 [==============================] - ETA: 0s - loss: 0.0277
1/1 [==============================] - 8s 8s/step - loss: 0.0277
Epoch 56

1/1 [==============================] - ETA: 0s - loss: 0.0277
1/1 [==============================] - 8s 8s/step - loss: 0.0277
Epoch 57

1/1 [==============================] - ETA: 0s - loss: 0.0277
1/1 [==============================] - 8s 8s/step - loss: 0.0277
Epoch 58

1/1 [==============================] - ETA: 0s - loss: 0.0277
1/1 [==============================] - 8s 8s/step - loss: 0.0277
Epoch 59

1/1 [==============================] - ETA: 0s - loss: 0.0277
1/1 [==============================] - 8s 8s/step - loss: 0.0277
Epoch 60

1/1 [==============================] - ETA: 0s - loss: 0.0276
1/1 [==============================] - 8s 8s/step - loss: 0.0276
Epoch 61

1/1 [==============================] - ETA: 0s - loss: 0.0276
1/1 [==============================] - 8s 8s/step - loss: 0.0276
Epoch 62

1/1 [==============================] - ETA: 0s - loss: 0.0276
1/1 [==============================] - 8s 8s/step - loss: 0.0276
Epoch 63

1/1 [==============================] - ETA: 0s - loss: 0.0276
1/1 [==============================] - 8s 8s/step - loss: 0.0276
Epoch 64

1/1 [==============================] - ETA: 0s - loss: 0.0275
1/1 [==============================] - 8s 8s/step - loss: 0.0275
Epoch 65

1/1 [==============================] - ETA: 0s - loss: 0.0275
1/1 [==============================] - 8s 8s/step - loss: 0.0275
Epoch 66

1/1 [==============================] - ETA: 0s - loss: 0.0275
1/1 [==============================] - 8s 8s/step - loss: 0.0275
Epoch 67

1/1 [==============================] - ETA: 0s - loss: 0.0274
1/1 [==============================] - 8s 8s/step - loss: 0.0274
Epoch 68

1/1 [==============================] - ETA: 0s - loss: 0.0274
1/1 [==============================] - 8s 8s/step - loss: 0.0274
Epoch 69

1/1 [==============================] - ETA: 0s - loss: 0.0274
1/1 [==============================] - 8s 8s/step - loss: 0.0274
Epoch 70

1/1 [==============================] - ETA: 0s - loss: 0.0274
1/1 [==============================] - 8s 8s/step - loss: 0.0274
Epoch 71

1/1 [==============================] - ETA: 0s - loss: 0.0273
1/1 [==============================] - 8s 8s/step - loss: 0.0273
Epoch 72

1/1 [==============================] - ETA: 0s - loss: 0.0273
1/1 [==============================] - 8s 8s/step - loss: 0.0273
Epoch 73

1/1 [==============================] - ETA: 0s - loss: 0.0273
1/1 [==============================] - 8s 8s/step - loss: 0.0273
Epoch 74

1/1 [==============================] - ETA: 0s - loss: 0.0273
1/1 [==============================] - 8s 8s/step - loss: 0.0273
Epoch 75

1/1 [==============================] - ETA: 0s - loss: 0.0272
1/1 [==============================] - 8s 8s/step - loss: 0.0272
Epoch 76

1/1 [==============================] - ETA: 0s - loss: 0.0272
1/1 [==============================] - 8s 8s/step - loss: 0.0272
Epoch 77

1/1 [==============================] - ETA: 0s - loss: 0.0272
1/1 [==============================] - 8s 8s/step - loss: 0.0272
Epoch 78

1/1 [==============================] - ETA: 0s - loss: 0.0271
1/1 [==============================] - 8s 8s/step - loss: 0.0271
Epoch 79

1/1 [==============================] - ETA: 0s - loss: 0.0271
1/1 [==============================] - 8s 8s/step - loss: 0.0271
Epoch 80

1/1 [==============================] - ETA: 0s - loss: 0.0271
1/1 [==============================] - 8s 8s/step - loss: 0.0271
Epoch 81

1/1 [==============================] - ETA: 0s - loss: 0.0270
1/1 [==============================] - 8s 8s/step - loss: 0.0270
Epoch 82

1/1 [==============================] - ETA: 0s - loss: 0.0270
1/1 [==============================] - 8s 8s/step - loss: 0.0270
Epoch 83

1/1 [==============================] - ETA: 0s - loss: 0.0270
1/1 [==============================] - 8s 8s/step - loss: 0.0270
Epoch 84

1/1 [==============================] - ETA: 0s - loss: 0.0270
1/1 [==============================] - 8s 8s/step - loss: 0.0270
Epoch 85

1/1 [==============================] - ETA: 0s - loss: 0.0269
1/1 [==============================] - 8s 8s/step - loss: 0.0269
Epoch 86

1/1 [==============================] - ETA: 0s - loss: 0.0269
1/1 [==============================] - 8s 8s/step - loss: 0.0269
Epoch 87

1/1 [==============================] - ETA: 0s - loss: 0.0269
1/1 [==============================] - 8s 8s/step - loss: 0.0269
Epoch 88

1/1 [==============================] - ETA: 0s - loss: 0.0268
1/1 [==============================] - 8s 8s/step - loss: 0.0268
Epoch 89

1/1 [==============================] - ETA: 0s - loss: 0.0268
1/1 [==============================] - 8s 8s/step - loss: 0.0268
Epoch 90

1/1 [==============================] - ETA: 0s - loss: 0.0268
1/1 [==============================] - 8s 8s/step - loss: 0.0268
Epoch 91

1/1 [==============================] - ETA: 0s - loss: 0.0267
1/1 [==============================] - 8s 8s/step - loss: 0.0267
Epoch 92

1/1 [==============================] - ETA: 0s - loss: 0.0267
1/1 [==============================] - 8s 8s/step - loss: 0.0267
Epoch 93

1/1 [==============================] - ETA: 0s - loss: 0.0266
1/1 [==============================] - 8s 8s/step - loss: 0.0266
Epoch 94

1/1 [==============================] - ETA: 0s - loss: 0.0266
1/1 [==============================] - 8s 8s/step - loss: 0.0266
Epoch 95

1/1 [==============================] - ETA: 0s - loss: 0.0266
1/1 [==============================] - 8s 8s/step - loss: 0.0266
Epoch 96

1/1 [==============================] - ETA: 0s - loss: 0.0265
1/1 [==============================] - 8s 8s/step - loss: 0.0265
Epoch 97

1/1 [==============================] - ETA: 0s - loss: 0.0265
1/1 [==============================] - 8s 8s/step - loss: 0.0265
Epoch 98

1/1 [==============================] - ETA: 0s - loss: 0.0265
1/1 [==============================] - 8s 8s/step - loss: 0.0265
Epoch 99

1/1 [==============================] - ETA: 0s - loss: 0.0264
1/1 [==============================] - 8s 8s/step - loss: 0.0264
Model: "sequential"
_________________________________________________________________
Layer (type)                 Output Shape              Param #   
=================================================================
dense (Dense)                (None, 50)                300       
_________________________________________________________________
dense_1 (Dense)              (None, 50)                2550      
_________________________________________________________________
dense_2 (Dense)              (None, 50)                2550      
_________________________________________________________________
dense_3 (Dense)              (None, 1)                 51        
=================================================================
Total params: 5,451
Trainable params: 5,451
Non-trainable params: 0
_________________________________________________________________
